(21, 167) (21, 177)
(23, 217) (24, 227)
(118, 328) (123, 329)
(130, 17) (135, 17)
(201, 189) (206, 188)
(21, 157) (22, 147)
(22, 197) (22, 207)
(181, 22) (186, 23)
(126, 195) (131, 196)
(21, 192) (22, 202)
(181, 190) (186, 190)
(193, 326) (200, 323)
(71, 316) (81, 320)
(22, 212) (23, 217)
(239, 196) (240, 201)
(22, 147) (22, 152)
(239, 191) (239, 196)
(192, 25) (197, 27)
(97, 325) (102, 326)
(241, 274) (242, 264)
(244, 212) (246, 217)
(158, 329) (168, 329)
(22, 152) (23, 142)
(45, 295) (50, 300)
(178, 328) (188, 327)
(205, 320) (215, 312)
(246, 217) (247, 227)
(25, 242) (27, 252)
(110, 20) (115, 19)
(21, 182) (21, 192)
(60, 307) (66, 312)
(25, 110) (26, 104)
(113, 328) (118, 328)
(108, 327) (113, 328)
(25, 247) (27, 252)
(21, 167) (21, 172)
(155, 17) (165, 17)
(23, 142) (24, 132)
(150, 17) (155, 17)
(227, 47) (232, 51)
(135, 17) (145, 17)
(225, 302) (233, 293)
(247, 227) (248, 237)
(79, 34) (89, 28)
(148, 329) (153, 329)
(36, 71) (43, 61)
(28, 93) (30, 88)
(181, 190) (191, 190)
(163, 329) (173, 328)
(92, 324) (97, 325)
(84, 31) (94, 26)
(21, 172) (21, 177)
(29, 258) (31, 268)
(120, 18) (130, 17)
(21, 187) (22, 197)
(133, 329) (143, 329)
(232, 51) (236, 56)
(64, 43) (69, 39)
(21, 187) (21, 192)
(237, 183) (239, 191)
(207, 30) (212, 33)
(171, 18) (181, 22)
(29, 258) (30, 263)
(202, 29) (207, 30)
(168, 329) (178, 328)
(66, 312) (76, 318)
(53, 49) (58, 46)
(55, 304) (60, 307)
(21, 192) (22, 197)
(128, 329) (138, 329)
(24, 121) (25, 115)
(22, 202) (22, 212)
(94, 26) (104, 21)
(115, 19) (120, 18)
(191, 190) (196, 189)
(89, 28) (99, 23)
(30, 88) (32, 83)
(143, 329) (148, 329)
(76, 318) (81, 320)
(21, 182) (21, 187)
(92, 324) (102, 326)
(128, 329) (133, 329)
(21, 177) (21, 182)
(24, 227) (24, 237)
(33, 77) (36, 71)
(141, 195) (146, 195)
(31, 268) (33, 274)
(39, 66) (43, 61)
(36, 280) (42, 290)
(21, 162) (21, 167)
(155, 17) (160, 17)
(110, 20) (120, 18)
(212, 33) (217, 38)
(212, 33) (222, 42)
(102, 326) (108, 327)
(43, 61) (47, 56)
(242, 264) (243, 259)
(113, 328) (123, 329)
(210, 316) (215, 312)
(226, 185) (232, 184)
(239, 281) (241, 274)
(89, 28) (94, 26)
(242, 207) (244, 212)
(143, 329) (153, 329)
(146, 195) (151, 195)
(21, 157) (21, 167)
(206, 188) (211, 188)
(23, 222) (24, 232)
(178, 328) (183, 328)
(225, 302) (230, 298)
(120, 18) (125, 17)
(131, 196) (141, 195)
(81, 320) (86, 322)
(216, 187) (221, 186)
(201, 189) (211, 188)
(50, 300) (55, 304)
(205, 320) (210, 316)
(237, 286) (239, 281)
(161, 193) (171, 191)
(233, 293) (237, 286)
(166, 193) (176, 191)
(146, 195) (156, 194)
(221, 186) (226, 185)
(158, 329) (163, 329)
(202, 29) (212, 33)
(21, 162) (22, 152)
(21, 172) (21, 182)
(58, 46) (64, 43)
(240, 201) (242, 207)
(227, 47) (236, 56)
(230, 298) (233, 293)
(176, 191) (186, 190)
(136, 196) (141, 195)
(247, 242) (248, 237)
(246, 217) (246, 222)
(138, 329) (143, 329)
(66, 312) (71, 316)
(24, 237) (25, 242)
(176, 20) (181, 22)
(39, 285) (45, 295)
(25, 110) (25, 115)
(210, 316) (220, 307)
(241, 269) (241, 274)
(186, 23) (192, 25)
(79, 34) (84, 31)
(186, 190) (196, 189)
(74, 36) (84, 31)
(243, 259) (245, 251)
(21, 157) (22, 152)
(118, 328) (128, 329)
(165, 17) (171, 18)
(220, 307) (230, 298)
(215, 312) (225, 302)
(232, 184) (237, 183)
(232, 184) (239, 191)
(163, 329) (168, 329)
(125, 17) (130, 17)
(200, 323) (210, 316)
(28, 93) (32, 83)
(25, 242) (25, 247)
(22, 197) (22, 202)
(26, 99) (26, 104)
(239, 191) (240, 201)
(42, 290) (45, 295)
(220, 307) (225, 302)
(222, 42) (232, 51)
(156, 194) (161, 193)
(24, 227) (24, 232)
(86, 322) (92, 324)
(153, 329) (163, 329)
(171, 18) (176, 20)
(21, 162) (21, 172)
(24, 237) (25, 247)
(22, 202) (22, 207)
(21, 157) (21, 162)
(217, 38) (222, 42)
(24, 121) (24, 126)
(27, 252) (29, 258)
(247, 232) (247, 242)
(39, 285) (42, 290)
(216, 187) (226, 185)
(171, 191) (176, 191)
(176, 191) (181, 190)
(215, 312) (220, 307)
(123, 329) (133, 329)
(22, 207) (22, 212)
(242, 207) (246, 217)
(23, 222) (24, 227)
(186, 190) (191, 190)
(130, 17) (140, 17)
(36, 71) (39, 66)
(24, 232) (24, 237)
(126, 195) (136, 196)
(24, 232) (25, 242)
(108, 327) (118, 328)
(94, 26) (99, 23)
(247, 227) (247, 232)
(150, 17) (160, 17)
(241, 269) (243, 259)
(22, 147) (23, 142)
(26, 99) (28, 93)
(196, 189) (206, 188)
(156, 194) (166, 193)
(222, 42) (227, 47)
(183, 328) (193, 326)
(217, 38) (227, 47)
(191, 190) (201, 189)
(197, 27) (207, 30)
(136, 196) (146, 195)
(153, 329) (158, 329)
(42, 290) (50, 300)
(145, 17) (150, 17)
(207, 30) (217, 38)
(33, 274) (36, 280)
(21, 177) (21, 187)
(135, 17) (140, 17)
(197, 27) (202, 29)
(141, 195) (151, 195)
(39, 66) (47, 56)
(166, 193) (171, 191)
(188, 327) (193, 326)
(104, 21) (110, 20)
(211, 188) (216, 187)
(84, 31) (89, 28)
(30, 263) (31, 268)
(74, 36) (79, 34)
(125, 17) (135, 17)
(161, 193) (166, 193)
(22, 207) (23, 217)
(24, 126) (24, 132)
(246, 222) (247, 232)
(140, 17) (150, 17)
(171, 191) (181, 190)
(32, 83) (33, 77)
(23, 217) (23, 222)
(151, 195) (161, 193)
(138, 329) (148, 329)
(115, 19) (125, 17)
(50, 300) (60, 307)
(131, 196) (136, 196)
(69, 39) (74, 36)
(244, 212) (246, 222)
(64, 43) (74, 36)
(241, 269) (242, 264)
(76, 318) (86, 322)
(196, 189) (201, 189)
(148, 329) (158, 329)
(211, 188) (221, 186)
(47, 56) (53, 49)
(206, 188) (216, 187)
(36, 280) (39, 285)
(246, 222) (247, 227)
(133, 329) (138, 329)
(176, 20) (186, 23)
(22, 212) (23, 222)
(140, 17) (145, 17)
(173, 328) (178, 328)
(247, 232) (248, 237)
(145, 17) (155, 17)
(160, 17) (165, 17)
(173, 328) (183, 328)
(200, 323) (205, 320)
(45, 295) (55, 304)
(168, 329) (173, 328)
(245, 251) (247, 242)
(99, 23) (104, 21)
(151, 195) (156, 194)
(183, 328) (188, 327)
(123, 329) (128, 329)
(71, 316) (76, 318)
(192, 25) (202, 29)
(69, 39) (79, 34)
