(240, 121) (240, 126)
(30, 231) (30, 241)
(36, 30) (36, 40)
(35, 132) (35, 142)
(232, 133) (240, 126)
(126, 124) (131, 124)
(240, 116) (240, 126)
(30, 236) (30, 241)
(106, 126) (116, 125)
(241, 83) (241, 88)
(236, 184) (237, 174)
(235, 260) (235, 270)
(239, 148) (239, 153)
(212, 131) (222, 133)
(235, 228) (235, 233)
(237, 169) (237, 174)
(29, 284) (29, 289)
(36, 65) (36, 75)
(141, 123) (146, 123)
(239, 143) (239, 153)
(176, 125) (181, 125)
(236, 179) (237, 169)
(90, 128) (96, 127)
(35, 157) (35, 162)
(30, 216) (30, 226)
(235, 238) (235, 243)
(171, 124) (181, 125)
(235, 191) (235, 201)
(36, 124) (40, 133)
(60, 132) (70, 130)
(181, 125) (186, 126)
(35, 132) (45, 133)
(222, 133) (232, 133)
(36, 40) (36, 50)
(238, 158) (239, 148)
(35, 142) (45, 133)
(29, 269) (29, 279)
(30, 241) (30, 251)
(29, 279) (29, 289)
(240, 111) (240, 121)
(240, 96) (240, 106)
(236, 206) (236, 211)
(241, 68) (241, 78)
(237, 169) (238, 163)
(234, 255) (235, 260)
(55, 132) (60, 132)
(234, 281) (235, 275)
(146, 123) (156, 123)
(75, 130) (85, 129)
(30, 251) (30, 261)
(238, 163) (239, 153)
(35, 147) (35, 152)
(207, 130) (212, 131)
(30, 241) (30, 246)
(34, 182) (34, 192)
(171, 124) (176, 125)
(30, 216) (30, 221)
(241, 58) (241, 63)
(237, 133) (240, 138)
(232, 133) (239, 143)
(29, 269) (29, 274)
(30, 231) (30, 236)
(241, 30) (241, 36)
(34, 192) (35, 187)
(34, 177) (34, 182)
(36, 60) (36, 65)
(55, 132) (65, 131)
(50, 133) (60, 132)
(36, 45) (36, 55)
(241, 73) (241, 83)
(232, 133) (240, 138)
(131, 124) (136, 123)
(35, 142) (35, 152)
(36, 124) (45, 133)
(217, 132) (227, 133)
(36, 114) (36, 124)
(34, 192) (34, 197)
(36, 35) (36, 40)
(101, 127) (111, 125)
(80, 130) (85, 129)
(126, 124) (136, 123)
(36, 119) (36, 124)
(241, 73) (241, 78)
(45, 133) (50, 133)
(36, 75) (36, 85)
(235, 260) (235, 265)
(151, 123) (161, 123)
(235, 201) (236, 206)
(240, 96) (240, 101)
(235, 223) (235, 233)
(35, 152) (35, 157)
(36, 114) (36, 119)
(237, 133) (240, 126)
(236, 179) (237, 174)
(35, 132) (35, 137)
(181, 125) (191, 127)
(116, 125) (126, 124)
(30, 221) (30, 231)
(241, 58) (241, 68)
(240, 111) (240, 116)
(196, 127) (202, 129)
(34, 172) (35, 162)
(156, 123) (161, 123)
(234, 255) (235, 265)
(65, 131) (70, 130)
(235, 218) (235, 223)
(40, 133) (45, 133)
(30, 246) (30, 256)
(30, 221) (30, 226)
(111, 125) (121, 125)
(35, 142) (35, 147)
(239, 148) (240, 138)
(238, 158) (238, 163)
(29, 279) (29, 284)
(235, 265) (235, 270)
(36, 114) (37, 108)
(35, 142) (40, 133)
(36, 70) (36, 80)
(30, 251) (30, 256)
(235, 201) (236, 211)
(240, 106) (240, 111)
(239, 143) (240, 138)
(121, 125) (131, 124)
(235, 228) (235, 238)
(241, 78) (241, 88)
(161, 123) (166, 124)
(60, 132) (65, 131)
(235, 196) (236, 206)
(241, 63) (241, 68)
(36, 50) (36, 60)
(30, 226) (30, 231)
(238, 158) (239, 153)
(121, 125) (126, 124)
(34, 172) (34, 177)
(35, 20) (35, 25)
(240, 101) (240, 111)
(242, 41) (242, 46)
(50, 133) (55, 132)
(235, 265) (235, 275)
(45, 133) (55, 132)
(136, 123) (141, 123)
(241, 63) (241, 73)
(36, 75) (36, 80)
(235, 191) (236, 184)
(36, 45) (36, 50)
(186, 126) (196, 127)
(35, 147) (35, 157)
(207, 130) (217, 132)
(235, 218) (235, 228)
(241, 78) (241, 83)
(36, 80) (37, 90)
(234, 250) (234, 255)
(35, 137) (45, 133)
(235, 233) (235, 243)
(70, 130) (75, 130)
(151, 123) (156, 123)
(35, 152) (35, 162)
(36, 30) (36, 35)
(241, 58) (242, 51)
(36, 70) (36, 75)
(227, 133) (232, 133)
(36, 80) (36, 85)
(239, 143) (239, 148)
(141, 123) (151, 123)
(240, 101) (240, 106)
(35, 132) (40, 133)
(146, 123) (151, 123)
(176, 125) (186, 126)
(234, 281) (234, 286)
(166, 124) (171, 124)
(236, 179) (236, 184)
(202, 129) (212, 131)
(232, 133) (237, 133)
(36, 85) (37, 90)
(131, 124) (141, 123)
(222, 133) (227, 133)
(37, 103) (38, 96)
(36, 65) (36, 70)
(37, 103) (37, 108)
(35, 137) (35, 147)
(241, 68) (241, 73)
(116, 125) (121, 125)
(235, 223) (235, 228)
(237, 133) (239, 143)
(217, 132) (222, 133)
(30, 256) (30, 261)
(29, 274) (29, 284)
(34, 172) (34, 182)
(161, 123) (171, 124)
(35, 137) (40, 133)
(242, 41) (242, 51)
(29, 269) (30, 261)
(30, 246) (30, 251)
(35, 132) (36, 124)
(36, 35) (36, 45)
(166, 124) (176, 125)
(235, 233) (235, 238)
(235, 191) (235, 196)
(35, 25) (36, 30)
(35, 20) (36, 30)
(240, 106) (240, 116)
(235, 196) (235, 201)
(36, 60) (36, 70)
(234, 250) (235, 260)
(32, 209) (33, 202)
(29, 274) (29, 279)
(35, 25) (36, 35)
(240, 116) (240, 121)
(65, 131) (75, 130)
(34, 182) (35, 187)
(33, 202) (34, 197)
(241, 36) (242, 41)
(227, 133) (237, 133)
(36, 55) (36, 65)
(202, 129) (207, 130)
(36, 50) (36, 55)
(111, 125) (116, 125)
(136, 123) (146, 123)
(30, 216) (32, 209)
(96, 127) (106, 126)
(96, 127) (101, 127)
(234, 250) (235, 243)
(36, 55) (36, 60)
(101, 127) (106, 126)
(186, 126) (191, 127)
(33, 202) (34, 192)
(75, 130) (80, 130)
(235, 218) (236, 211)
(85, 129) (90, 128)
(233, 294) (234, 286)
(241, 36) (242, 46)
(80, 130) (90, 128)
(156, 123) (166, 124)
(30, 226) (30, 236)
(242, 46) (242, 51)
(235, 270) (235, 275)
(70, 130) (80, 130)
(30, 236) (30, 246)
(37, 90) (38, 96)
(240, 96) (241, 88)
(212, 131) (217, 132)
(34, 197) (35, 187)
(35, 137) (35, 142)
(34, 177) (35, 187)
(36, 40) (36, 45)
(106, 126) (111, 125)
(40, 133) (50, 133)
(191, 127) (196, 127)
