(144, 134) (144, 139)
(84, 286) (89, 285)
(51, 253) (53, 258)
(110, 277) (115, 275)
(145, 179) (145, 184)
(144, 139) (144, 144)
(145, 46) (145, 51)
(145, 164) (145, 169)
(68, 277) (73, 281)
(145, 41) (145, 46)
(145, 169) (145, 174)
(148, 71) (148, 76)
(121, 272) (126, 266)
(104, 280) (110, 277)
(64, 272) (73, 281)
(138, 237) (140, 229)
(144, 144) (144, 149)
(59, 268) (64, 272)
(44, 233) (45, 238)
(64, 272) (68, 277)
(73, 281) (78, 284)
(147, 101) (147, 107)
(148, 76) (148, 81)
(144, 198) (145, 189)
(145, 51) (147, 56)
(145, 36) (145, 41)
(115, 275) (121, 272)
(147, 56) (147, 61)
(148, 86) (148, 91)
(148, 81) (148, 86)
(126, 266) (129, 261)
(148, 91) (148, 96)
(147, 107) (147, 112)
(131, 255) (133, 250)
(145, 159) (145, 164)
(145, 174) (145, 179)
(99, 282) (104, 280)
(143, 213) (144, 208)
(59, 268) (68, 277)
(146, 118) (147, 112)
(55, 263) (59, 268)
(45, 238) (46, 243)
(46, 243) (49, 248)
(145, 184) (145, 189)
(133, 250) (136, 243)
(53, 258) (55, 263)
(129, 261) (131, 255)
(145, 126) (146, 118)
(136, 243) (138, 237)
(144, 198) (144, 203)
(141, 223) (143, 218)
(144, 154) (145, 159)
(143, 213) (143, 218)
(144, 134) (145, 126)
(55, 263) (64, 272)
(144, 149) (144, 154)
(78, 284) (84, 286)
(49, 248) (51, 253)
(140, 229) (141, 223)
(148, 66) (148, 71)
(144, 203) (144, 208)
(89, 285) (94, 283)
(94, 283) (99, 282)
(147, 101) (148, 96)
(147, 61) (148, 66)
