(183, 25) (191, 18)
(60, 216) (63, 211)
(186, 20) (191, 18)
(130, 101) (133, 95)
(313, 225) (316, 230)
(159, 58) (164, 52)
(244, 106) (247, 111)
(310, 220) (313, 225)
(140, 84) (144, 79)
(159, 133) (164, 133)
(176, 36) (180, 30)
(247, 111) (250, 117)
(233, 86) (236, 91)
(41, 246) (45, 241)
(218, 127) (223, 126)
(133, 95) (136, 90)
(231, 81) (233, 86)
(216, 55) (219, 60)
(322, 240) (325, 245)
(238, 129) (243, 132)
(238, 129) (243, 124)
(248, 130) (253, 126)
(172, 41) (176, 36)
(63, 211) (67, 205)
(104, 138) (108, 130)
(48, 236) (51, 231)
(272, 150) (277, 156)
(206, 127) (211, 127)
(211, 127) (218, 127)
(238, 123) (243, 124)
(190, 130) (196, 129)
(286, 179) (290, 184)
(179, 132) (184, 131)
(180, 30) (183, 25)
(293, 189) (296, 194)
(253, 126) (253, 131)
(243, 124) (250, 117)
(155, 64) (159, 58)
(307, 215) (310, 220)
(108, 130) (114, 131)
(67, 205) (70, 199)
(169, 132) (174, 132)
(70, 199) (73, 192)
(267, 147) (272, 150)
(248, 125) (253, 126)
(223, 126) (228, 126)
(93, 159) (96, 154)
(147, 74) (151, 69)
(243, 132) (248, 125)
(239, 96) (242, 101)
(56, 221) (60, 216)
(299, 200) (302, 205)
(79, 181) (83, 175)
(243, 124) (248, 125)
(191, 18) (196, 23)
(164, 52) (168, 47)
(253, 131) (258, 137)
(319, 235) (322, 240)
(127, 106) (130, 101)
(277, 156) (278, 164)
(206, 38) (209, 43)
(248, 130) (253, 131)
(222, 65) (225, 70)
(196, 129) (201, 128)
(243, 124) (243, 132)
(154, 134) (159, 133)
(248, 125) (250, 117)
(174, 132) (179, 132)
(278, 164) (279, 169)
(139, 132) (144, 132)
(238, 123) (238, 129)
(41, 246) (41, 251)
(144, 132) (149, 133)
(76, 187) (79, 181)
(164, 133) (169, 132)
(129, 131) (134, 132)
(219, 60) (222, 65)
(123, 111) (127, 106)
(248, 125) (248, 130)
(119, 131) (124, 131)
(196, 23) (200, 28)
(73, 192) (76, 187)
(149, 133) (154, 134)
(151, 69) (155, 64)
(96, 148) (101, 144)
(114, 131) (119, 131)
(134, 132) (139, 132)
(45, 241) (48, 236)
(316, 230) (319, 235)
(248, 125) (253, 131)
(90, 164) (93, 159)
(233, 126) (238, 129)
(236, 91) (239, 96)
(201, 128) (206, 127)
(290, 184) (293, 189)
(279, 169) (284, 174)
(228, 126) (233, 126)
(53, 226) (56, 221)
(209, 43) (213, 49)
(184, 131) (190, 130)
(296, 194) (299, 200)
(243, 132) (248, 130)
(144, 79) (147, 74)
(258, 137) (262, 142)
(243, 124) (248, 130)
(113, 126) (116, 121)
(228, 76) (231, 81)
(124, 131) (129, 131)
(116, 121) (120, 116)
(284, 174) (286, 179)
(200, 28) (203, 33)
(242, 101) (244, 106)
(325, 245) (326, 250)
(183, 25) (186, 20)
(302, 205) (305, 210)
(101, 144) (104, 138)
(83, 175) (86, 170)
(213, 49) (216, 55)
(262, 142) (267, 147)
(108, 130) (113, 126)
(120, 116) (123, 111)
(305, 210) (307, 215)
(168, 47) (172, 41)
(113, 126) (114, 131)
(225, 70) (228, 76)
(136, 90) (140, 84)
(86, 170) (90, 164)
(203, 33) (206, 38)
(96, 148) (96, 154)
(113, 126) (119, 131)
(51, 231) (53, 226)
(233, 126) (238, 123)
