(32, 233) (32, 238)
(30, 39) (31, 44)
(28, 19) (33, 17)
(30, 101) (31, 94)
(30, 34) (30, 39)
(126, 102) (129, 96)
(96, 119) (98, 124)
(103, 126) (108, 127)
(55, 254) (60, 254)
(32, 243) (34, 250)
(127, 143) (131, 148)
(119, 257) (124, 254)
(140, 223) (141, 218)
(31, 69) (31, 74)
(124, 254) (129, 251)
(50, 119) (55, 119)
(32, 238) (32, 243)
(28, 24) (33, 17)
(141, 218) (143, 213)
(65, 253) (70, 254)
(30, 107) (30, 112)
(44, 252) (49, 253)
(99, 259) (104, 259)
(61, 126) (66, 126)
(30, 151) (31, 145)
(61, 126) (65, 119)
(53, 16) (58, 17)
(35, 122) (40, 120)
(36, 127) (40, 120)
(56, 127) (61, 126)
(124, 49) (125, 54)
(31, 223) (32, 228)
(33, 17) (38, 16)
(129, 251) (133, 246)
(108, 25) (113, 29)
(129, 96) (130, 89)
(29, 251) (30, 256)
(98, 124) (103, 126)
(30, 101) (30, 107)
(38, 16) (43, 16)
(76, 126) (81, 125)
(68, 16) (73, 15)
(66, 126) (71, 126)
(30, 156) (30, 163)
(39, 251) (44, 252)
(83, 17) (88, 18)
(35, 122) (41, 128)
(29, 125) (36, 127)
(31, 140) (31, 145)
(30, 168) (30, 173)
(127, 64) (129, 69)
(91, 122) (98, 124)
(80, 120) (81, 125)
(32, 228) (32, 233)
(75, 120) (81, 125)
(143, 203) (143, 208)
(30, 112) (31, 117)
(60, 119) (65, 119)
(65, 119) (71, 126)
(29, 251) (34, 250)
(60, 254) (65, 253)
(131, 148) (133, 153)
(143, 188) (143, 193)
(65, 119) (66, 126)
(98, 21) (103, 23)
(136, 239) (138, 234)
(133, 246) (136, 239)
(31, 193) (31, 198)
(138, 234) (139, 229)
(36, 127) (41, 128)
(114, 259) (119, 257)
(86, 121) (91, 122)
(113, 130) (118, 133)
(101, 116) (106, 116)
(55, 119) (60, 119)
(80, 120) (86, 121)
(93, 257) (99, 259)
(73, 15) (78, 16)
(31, 135) (31, 140)
(78, 16) (83, 17)
(31, 130) (36, 127)
(106, 116) (112, 114)
(143, 178) (143, 183)
(31, 89) (31, 94)
(112, 114) (117, 111)
(142, 173) (143, 178)
(126, 59) (127, 64)
(31, 79) (31, 84)
(30, 64) (31, 69)
(41, 128) (46, 128)
(28, 24) (29, 29)
(119, 39) (123, 44)
(65, 119) (70, 120)
(31, 44) (31, 49)
(116, 34) (119, 39)
(71, 126) (76, 126)
(75, 120) (76, 126)
(63, 17) (68, 16)
(31, 74) (31, 79)
(104, 259) (109, 259)
(51, 128) (56, 127)
(123, 138) (127, 143)
(30, 256) (34, 250)
(60, 119) (66, 126)
(75, 120) (80, 120)
(76, 126) (80, 120)
(113, 29) (116, 34)
(109, 259) (114, 259)
(130, 79) (130, 84)
(66, 126) (70, 120)
(30, 151) (30, 156)
(70, 120) (75, 120)
(91, 122) (96, 119)
(136, 158) (138, 163)
(34, 250) (39, 251)
(49, 253) (55, 254)
(31, 218) (32, 213)
(31, 188) (31, 193)
(30, 178) (30, 183)
(143, 198) (143, 203)
(143, 208) (143, 213)
(45, 119) (50, 119)
(43, 16) (48, 16)
(133, 153) (136, 158)
(81, 255) (88, 257)
(70, 120) (76, 126)
(29, 29) (30, 34)
(58, 17) (63, 17)
(30, 54) (31, 49)
(31, 203) (32, 208)
(55, 119) (61, 126)
(96, 119) (103, 126)
(129, 69) (130, 74)
(60, 119) (61, 126)
(76, 254) (81, 255)
(30, 163) (30, 168)
(35, 122) (36, 127)
(88, 257) (93, 257)
(122, 107) (126, 102)
(70, 254) (76, 254)
(30, 54) (30, 59)
(139, 229) (140, 223)
(48, 16) (53, 16)
(103, 23) (108, 25)
(125, 54) (126, 59)
(31, 117) (35, 122)
(40, 120) (45, 119)
(30, 183) (31, 188)
(93, 20) (98, 21)
(108, 127) (113, 130)
(31, 84) (31, 89)
(130, 84) (130, 89)
(130, 74) (130, 79)
(81, 125) (86, 121)
(117, 111) (122, 107)
(31, 198) (31, 203)
(138, 163) (141, 168)
(29, 125) (35, 122)
(143, 193) (143, 198)
(29, 125) (31, 130)
(30, 173) (30, 178)
(96, 119) (101, 116)
(88, 18) (93, 20)
(143, 183) (143, 188)
(71, 126) (75, 120)
(118, 133) (123, 138)
(32, 208) (32, 213)
(31, 130) (31, 135)
(141, 168) (142, 173)
(123, 44) (124, 49)
(30, 59) (30, 64)
(31, 218) (31, 223)
(28, 19) (28, 24)
(70, 120) (71, 126)
(46, 128) (51, 128)
