(48, 204) (51, 209)
(194, 274) (199, 274)
(158, 272) (163, 273)
(143, 30) (148, 29)
(189, 274) (194, 274)
(108, 259) (113, 262)
(127, 34) (132, 32)
(208, 31) (213, 33)
(135, 269) (141, 271)
(113, 262) (118, 264)
(204, 274) (210, 273)
(210, 273) (216, 272)
(35, 175) (37, 181)
(34, 170) (35, 175)
(33, 160) (33, 165)
(95, 50) (101, 46)
(65, 84) (68, 78)
(249, 40) (254, 44)
(101, 46) (106, 43)
(92, 250) (97, 253)
(33, 160) (35, 151)
(40, 187) (41, 192)
(227, 268) (232, 266)
(54, 103) (57, 96)
(111, 40) (117, 37)
(148, 29) (153, 28)
(68, 78) (70, 72)
(97, 253) (102, 256)
(257, 253) (262, 250)
(106, 43) (111, 40)
(199, 274) (204, 274)
(61, 90) (65, 84)
(137, 31) (143, 30)
(242, 260) (247, 258)
(184, 274) (189, 274)
(163, 273) (168, 273)
(158, 28) (163, 28)
(37, 142) (39, 135)
(80, 60) (85, 57)
(141, 271) (148, 271)
(57, 96) (61, 90)
(80, 243) (87, 247)
(70, 234) (75, 239)
(33, 165) (34, 170)
(63, 224) (67, 229)
(228, 36) (233, 36)
(75, 239) (80, 243)
(173, 28) (178, 28)
(124, 266) (129, 268)
(37, 181) (40, 187)
(153, 272) (158, 272)
(222, 270) (227, 268)
(35, 151) (37, 142)
(132, 32) (137, 31)
(102, 256) (108, 259)
(168, 28) (173, 28)
(168, 273) (173, 274)
(51, 209) (54, 214)
(223, 35) (228, 36)
(218, 34) (223, 35)
(41, 129) (44, 121)
(54, 214) (59, 219)
(178, 28) (183, 28)
(41, 192) (44, 197)
(163, 28) (168, 28)
(90, 53) (95, 50)
(44, 197) (48, 204)
(70, 72) (73, 67)
(118, 264) (124, 266)
(203, 30) (208, 31)
(44, 121) (47, 116)
(85, 57) (90, 53)
(216, 272) (222, 270)
(237, 264) (242, 260)
(129, 268) (135, 269)
(87, 247) (92, 250)
(188, 28) (193, 28)
(153, 28) (158, 28)
(193, 28) (198, 29)
(179, 274) (184, 274)
(122, 35) (127, 34)
(173, 274) (179, 274)
(239, 37) (244, 39)
(213, 33) (218, 34)
(183, 28) (188, 28)
(244, 39) (249, 40)
(262, 250) (267, 247)
(252, 255) (257, 253)
(73, 67) (80, 60)
(247, 258) (252, 255)
(117, 37) (122, 35)
(232, 266) (237, 264)
(67, 229) (70, 234)
(198, 29) (203, 30)
(233, 36) (239, 37)
(39, 135) (41, 129)
(148, 271) (153, 272)
(50, 110) (54, 103)
(59, 219) (63, 224)
(47, 116) (50, 110)
