(212, 133) (212, 138)
(134, 289) (139, 286)
(213, 148) (214, 154)
(68, 105) (69, 110)
(70, 188) (70, 193)
(68, 90) (68, 95)
(187, 73) (191, 78)
(196, 228) (199, 222)
(182, 68) (187, 73)
(67, 158) (68, 163)
(87, 41) (92, 41)
(129, 292) (134, 289)
(189, 239) (193, 233)
(170, 259) (179, 250)
(68, 168) (69, 173)
(66, 143) (66, 148)
(177, 63) (182, 68)
(147, 46) (152, 48)
(213, 143) (213, 148)
(68, 55) (68, 60)
(195, 83) (198, 88)
(68, 129) (69, 120)
(204, 211) (207, 205)
(144, 283) (149, 279)
(104, 299) (109, 298)
(69, 245) (69, 250)
(68, 220) (69, 225)
(68, 75) (68, 80)
(137, 44) (142, 45)
(83, 298) (88, 298)
(162, 53) (167, 56)
(199, 222) (202, 216)
(207, 108) (209, 113)
(179, 250) (184, 245)
(69, 173) (69, 178)
(214, 159) (214, 164)
(149, 279) (155, 272)
(70, 193) (70, 198)
(207, 205) (209, 200)
(68, 291) (73, 299)
(191, 78) (195, 83)
(68, 95) (68, 100)
(132, 43) (137, 44)
(68, 100) (68, 105)
(214, 174) (214, 179)
(155, 272) (160, 267)
(66, 148) (66, 153)
(198, 88) (202, 93)
(210, 118) (211, 123)
(160, 267) (165, 263)
(69, 250) (70, 255)
(70, 255) (70, 260)
(209, 200) (211, 194)
(82, 41) (87, 41)
(66, 153) (67, 158)
(66, 143) (67, 135)
(68, 296) (73, 299)
(204, 98) (205, 103)
(70, 260) (70, 265)
(114, 296) (119, 294)
(214, 169) (214, 174)
(72, 42) (77, 41)
(102, 41) (107, 41)
(70, 230) (70, 235)
(69, 280) (69, 285)
(68, 50) (72, 42)
(67, 44) (68, 50)
(202, 93) (204, 98)
(214, 154) (214, 159)
(211, 128) (212, 133)
(69, 110) (69, 115)
(112, 41) (117, 41)
(157, 50) (162, 53)
(165, 263) (170, 259)
(211, 194) (213, 186)
(67, 44) (72, 42)
(68, 215) (69, 206)
(88, 298) (93, 299)
(77, 41) (82, 41)
(67, 135) (68, 129)
(92, 41) (97, 41)
(117, 41) (122, 42)
(69, 178) (70, 183)
(68, 85) (68, 90)
(124, 293) (129, 292)
(69, 245) (70, 240)
(68, 163) (68, 168)
(184, 245) (189, 239)
(170, 259) (175, 255)
(69, 115) (69, 120)
(70, 270) (70, 275)
(214, 164) (214, 169)
(172, 59) (177, 63)
(212, 138) (213, 143)
(69, 280) (70, 275)
(68, 50) (68, 55)
(68, 60) (68, 65)
(68, 80) (68, 85)
(68, 50) (77, 41)
(68, 70) (68, 75)
(152, 48) (157, 50)
(211, 123) (211, 128)
(127, 42) (132, 43)
(167, 56) (172, 59)
(69, 225) (70, 230)
(70, 235) (70, 240)
(73, 299) (78, 298)
(209, 113) (210, 118)
(98, 299) (104, 299)
(202, 216) (204, 211)
(68, 65) (68, 70)
(175, 255) (179, 250)
(68, 291) (69, 285)
(78, 298) (83, 298)
(122, 42) (127, 42)
(68, 215) (68, 220)
(70, 265) (70, 270)
(119, 294) (124, 293)
(97, 41) (102, 41)
(213, 186) (214, 179)
(142, 45) (147, 46)
(205, 103) (207, 108)
(93, 299) (98, 299)
(107, 41) (112, 41)
(139, 286) (144, 283)
(70, 183) (70, 188)
(193, 233) (196, 228)
(68, 291) (68, 296)
(109, 298) (114, 296)
(69, 206) (70, 198)
