(111, 34) (116, 34)
(72, 284) (73, 289)
(92, 167) (97, 166)
(63, 42) (71, 34)
(117, 167) (122, 167)
(61, 33) (63, 42)
(72, 310) (76, 304)
(73, 204) (74, 195)
(74, 232) (74, 237)
(56, 34) (61, 33)
(121, 34) (126, 34)
(136, 35) (141, 35)
(63, 42) (66, 34)
(247, 300) (252, 299)
(212, 27) (217, 27)
(152, 303) (157, 302)
(69, 112) (69, 117)
(96, 35) (101, 35)
(72, 310) (77, 309)
(72, 211) (73, 204)
(151, 34) (156, 32)
(157, 162) (162, 161)
(147, 304) (152, 303)
(182, 161) (187, 161)
(76, 304) (77, 309)
(213, 161) (218, 160)
(218, 160) (223, 160)
(257, 300) (262, 300)
(63, 47) (64, 52)
(102, 307) (107, 307)
(70, 148) (70, 153)
(107, 166) (112, 166)
(70, 143) (70, 148)
(67, 169) (72, 169)
(207, 299) (212, 299)
(202, 27) (207, 27)
(132, 166) (137, 165)
(81, 34) (86, 35)
(66, 67) (66, 72)
(142, 305) (147, 304)
(72, 274) (72, 279)
(223, 160) (228, 159)
(116, 34) (121, 34)
(87, 167) (92, 167)
(177, 29) (182, 28)
(74, 242) (75, 247)
(117, 306) (122, 306)
(67, 87) (67, 92)
(228, 29) (233, 30)
(177, 161) (182, 161)
(222, 28) (228, 29)
(202, 299) (207, 299)
(70, 163) (77, 168)
(61, 33) (66, 34)
(217, 299) (222, 299)
(106, 35) (111, 34)
(232, 300) (237, 300)
(72, 169) (77, 168)
(137, 165) (142, 165)
(69, 117) (69, 123)
(75, 294) (76, 299)
(172, 30) (177, 29)
(77, 309) (82, 310)
(66, 72) (66, 77)
(107, 307) (112, 307)
(73, 289) (75, 294)
(69, 133) (69, 138)
(69, 138) (70, 143)
(92, 309) (97, 308)
(77, 168) (82, 168)
(228, 159) (233, 160)
(102, 166) (107, 166)
(74, 222) (74, 227)
(137, 306) (142, 305)
(67, 82) (67, 87)
(74, 184) (74, 189)
(167, 30) (172, 30)
(86, 35) (91, 35)
(172, 301) (177, 301)
(112, 166) (117, 167)
(262, 300) (267, 301)
(167, 301) (172, 301)
(141, 35) (146, 35)
(67, 92) (68, 97)
(74, 227) (74, 232)
(162, 302) (167, 301)
(72, 269) (73, 263)
(222, 299) (227, 299)
(187, 161) (192, 161)
(67, 169) (70, 163)
(162, 161) (167, 161)
(69, 107) (69, 112)
(72, 211) (74, 217)
(66, 34) (71, 34)
(197, 27) (202, 27)
(212, 299) (217, 299)
(69, 102) (69, 107)
(63, 42) (63, 47)
(187, 301) (192, 301)
(122, 306) (127, 306)
(70, 174) (72, 179)
(252, 299) (257, 300)
(87, 309) (92, 309)
(69, 123) (69, 128)
(242, 300) (247, 300)
(172, 161) (177, 161)
(70, 174) (77, 168)
(64, 52) (65, 57)
(182, 301) (187, 301)
(127, 167) (132, 166)
(65, 57) (66, 62)
(70, 174) (72, 169)
(233, 160) (238, 160)
(239, 31) (244, 32)
(202, 161) (207, 161)
(112, 307) (117, 306)
(56, 34) (63, 42)
(227, 299) (232, 300)
(207, 27) (212, 27)
(152, 163) (157, 162)
(182, 28) (187, 28)
(101, 35) (106, 35)
(71, 34) (76, 34)
(74, 256) (75, 247)
(91, 35) (96, 35)
(217, 27) (222, 28)
(177, 301) (182, 301)
(70, 153) (70, 158)
(147, 165) (152, 163)
(66, 77) (67, 82)
(157, 302) (162, 302)
(127, 306) (132, 306)
(161, 31) (167, 30)
(142, 165) (147, 165)
(97, 166) (102, 166)
(207, 161) (213, 161)
(72, 269) (72, 274)
(237, 300) (242, 300)
(97, 308) (102, 307)
(67, 169) (70, 174)
(244, 160) (249, 162)
(156, 32) (161, 31)
(192, 161) (197, 161)
(122, 167) (127, 167)
(68, 97) (69, 102)
(74, 237) (74, 242)
(187, 28) (192, 27)
(70, 158) (70, 163)
(82, 168) (87, 167)
(238, 160) (244, 160)
(76, 299) (76, 304)
(126, 34) (131, 34)
(146, 35) (151, 34)
(72, 179) (74, 184)
(74, 189) (74, 195)
(76, 304) (82, 310)
(72, 279) (72, 284)
(131, 34) (136, 35)
(233, 30) (239, 31)
(192, 27) (197, 27)
(70, 163) (72, 169)
(197, 300) (202, 299)
(76, 34) (81, 34)
(69, 128) (69, 133)
(167, 161) (172, 161)
(66, 62) (66, 67)
(82, 310) (87, 309)
(73, 263) (74, 256)
(74, 217) (74, 222)
(192, 301) (197, 300)
(132, 306) (137, 306)
(197, 161) (202, 161)
