(147, 38) (152, 38)
(53, 306) (53, 312)
(127, 164) (132, 164)
(77, 42) (82, 43)
(162, 161) (167, 161)
(52, 42) (55, 48)
(57, 170) (62, 170)
(53, 288) (53, 296)
(53, 263) (53, 268)
(53, 154) (53, 159)
(152, 161) (157, 161)
(177, 163) (182, 164)
(62, 41) (67, 41)
(53, 164) (62, 170)
(177, 40) (183, 40)
(117, 165) (122, 165)
(53, 268) (53, 273)
(67, 41) (72, 41)
(142, 162) (147, 162)
(53, 144) (53, 149)
(142, 38) (147, 38)
(102, 167) (107, 167)
(54, 195) (54, 200)
(56, 88) (56, 93)
(53, 149) (53, 154)
(52, 170) (55, 175)
(53, 278) (53, 283)
(53, 273) (53, 278)
(53, 164) (57, 170)
(53, 258) (53, 263)
(147, 162) (152, 161)
(53, 283) (53, 288)
(53, 312) (54, 317)
(53, 216) (54, 211)
(55, 53) (55, 58)
(52, 248) (52, 253)
(157, 161) (162, 161)
(53, 301) (53, 306)
(55, 175) (57, 170)
(112, 166) (117, 165)
(162, 39) (167, 39)
(198, 43) (203, 45)
(55, 101) (56, 93)
(54, 195) (55, 186)
(193, 42) (198, 43)
(56, 83) (56, 88)
(52, 228) (52, 233)
(102, 41) (107, 41)
(137, 39) (142, 38)
(55, 58) (55, 63)
(137, 163) (142, 162)
(92, 42) (97, 42)
(112, 41) (117, 40)
(53, 111) (55, 106)
(67, 170) (72, 170)
(117, 40) (122, 40)
(72, 41) (77, 42)
(52, 119) (53, 111)
(55, 48) (62, 41)
(53, 159) (53, 164)
(52, 238) (52, 243)
(52, 124) (52, 129)
(92, 168) (97, 168)
(122, 165) (127, 164)
(127, 39) (132, 39)
(54, 205) (54, 211)
(55, 68) (55, 73)
(53, 139) (53, 144)
(152, 38) (157, 39)
(97, 168) (102, 167)
(52, 243) (52, 248)
(55, 101) (55, 106)
(52, 119) (52, 124)
(167, 39) (172, 39)
(107, 167) (112, 166)
(52, 170) (53, 164)
(52, 170) (57, 170)
(132, 164) (137, 163)
(132, 39) (137, 39)
(77, 169) (82, 169)
(57, 41) (62, 41)
(52, 129) (53, 134)
(52, 233) (52, 238)
(55, 180) (55, 186)
(52, 223) (52, 228)
(97, 42) (102, 41)
(53, 296) (53, 301)
(172, 39) (177, 40)
(55, 48) (57, 41)
(87, 42) (92, 42)
(52, 223) (53, 216)
(187, 165) (192, 166)
(56, 78) (56, 83)
(182, 164) (187, 165)
(82, 43) (87, 42)
(55, 73) (56, 78)
(167, 161) (172, 162)
(52, 42) (57, 41)
(157, 39) (162, 39)
(172, 162) (177, 163)
(53, 134) (53, 139)
(54, 200) (54, 205)
(122, 40) (127, 39)
(55, 48) (55, 53)
(82, 169) (87, 169)
(55, 63) (55, 68)
(188, 41) (193, 42)
(87, 169) (92, 168)
(55, 175) (62, 170)
(107, 41) (112, 41)
(72, 170) (77, 169)
(183, 40) (188, 41)
(55, 175) (55, 180)
(62, 170) (67, 170)
(52, 253) (53, 258)
