(87, 155) (87, 160)
(87, 160) (87, 165)
(88, 74) (88, 79)
(87, 111) (88, 104)
(88, 69) (88, 74)
(80, 276) (83, 270)
(86, 119) (86, 125)
(92, 47) (93, 41)
(84, 264) (85, 258)
(89, 245) (90, 237)
(88, 79) (88, 84)
(83, 270) (84, 264)
(89, 63) (91, 55)
(87, 170) (87, 175)
(88, 94) (88, 99)
(85, 258) (88, 250)
(89, 227) (90, 232)
(91, 55) (92, 47)
(87, 175) (87, 180)
(86, 135) (86, 140)
(86, 125) (86, 130)
(88, 99) (88, 104)
(88, 217) (89, 222)
(86, 145) (86, 150)
(88, 69) (89, 63)
(88, 84) (88, 89)
(89, 222) (89, 227)
(86, 150) (87, 155)
(88, 89) (88, 94)
(87, 165) (87, 170)
(86, 119) (87, 111)
(86, 187) (87, 180)
(90, 232) (90, 237)
(86, 192) (86, 197)
(87, 212) (88, 217)
(88, 250) (89, 245)
(86, 130) (86, 135)
(86, 197) (87, 202)
(86, 140) (86, 145)
(86, 187) (86, 192)
(87, 207) (87, 212)
(87, 202) (87, 207)
