(65, 89) (66, 81)
(65, 224) (65, 229)
(63, 115) (63, 120)
(64, 135) (64, 140)
(63, 204) (63, 209)
(63, 125) (64, 130)
(113, 178) (118, 181)
(69, 264) (69, 269)
(67, 59) (68, 53)
(64, 145) (70, 149)
(98, 167) (103, 170)
(70, 149) (79, 142)
(63, 209) (63, 214)
(69, 259) (69, 264)
(70, 149) (75, 147)
(209, 262) (215, 267)
(63, 194) (63, 199)
(118, 181) (123, 185)
(144, 204) (149, 208)
(159, 219) (164, 223)
(75, 147) (79, 142)
(98, 120) (103, 115)
(63, 179) (63, 184)
(66, 76) (66, 81)
(70, 149) (73, 154)
(63, 115) (64, 107)
(64, 140) (70, 149)
(64, 140) (64, 145)
(83, 159) (88, 161)
(63, 189) (63, 194)
(63, 214) (64, 219)
(123, 185) (128, 189)
(67, 64) (67, 69)
(128, 93) (133, 88)
(69, 269) (69, 274)
(128, 189) (133, 194)
(155, 214) (159, 219)
(133, 88) (138, 84)
(64, 130) (64, 135)
(65, 89) (65, 94)
(148, 76) (153, 71)
(138, 198) (144, 204)
(174, 232) (179, 237)
(69, 254) (69, 259)
(60, 160) (63, 169)
(63, 169) (63, 174)
(63, 120) (63, 125)
(79, 142) (83, 136)
(164, 223) (169, 228)
(66, 234) (67, 239)
(64, 150) (66, 156)
(73, 154) (78, 157)
(64, 102) (64, 107)
(78, 157) (83, 159)
(155, 214) (164, 223)
(63, 184) (63, 189)
(63, 199) (63, 204)
(138, 84) (143, 79)
(64, 102) (65, 94)
(73, 154) (75, 147)
(179, 48) (184, 43)
(68, 48) (68, 53)
(168, 58) (173, 54)
(68, 249) (69, 254)
(66, 156) (70, 149)
(153, 71) (158, 67)
(204, 258) (209, 262)
(93, 124) (98, 120)
(108, 110) (113, 106)
(108, 174) (113, 178)
(103, 115) (108, 110)
(60, 160) (66, 156)
(67, 59) (67, 64)
(67, 239) (68, 244)
(64, 150) (70, 149)
(123, 98) (128, 93)
(189, 245) (194, 249)
(199, 253) (204, 258)
(113, 106) (118, 102)
(64, 219) (65, 224)
(179, 237) (184, 241)
(103, 170) (108, 174)
(66, 156) (73, 154)
(64, 150) (73, 154)
(87, 130) (93, 124)
(66, 156) (75, 147)
(63, 174) (63, 179)
(184, 43) (189, 43)
(68, 43) (68, 48)
(163, 63) (168, 58)
(88, 161) (93, 164)
(64, 145) (73, 154)
(149, 208) (155, 214)
(184, 241) (189, 245)
(133, 194) (138, 198)
(70, 149) (78, 157)
(194, 249) (199, 253)
(93, 164) (98, 167)
(64, 145) (64, 150)
(118, 102) (123, 98)
(215, 267) (220, 271)
(67, 284) (68, 279)
(68, 244) (68, 249)
(68, 279) (69, 274)
(83, 136) (87, 130)
(66, 76) (67, 69)
(169, 228) (174, 232)
(143, 79) (148, 76)
(158, 67) (163, 63)
(173, 54) (179, 48)
(65, 229) (66, 234)
