(87, 76) (87, 81)
(86, 141) (86, 146)
(191, 274) (196, 274)
(86, 131) (86, 136)
(87, 81) (87, 86)
(87, 96) (87, 101)
(176, 273) (181, 273)
(87, 101) (87, 106)
(91, 223) (91, 228)
(92, 253) (93, 258)
(94, 268) (94, 273)
(86, 167) (87, 172)
(196, 274) (201, 275)
(87, 106) (87, 111)
(91, 243) (91, 248)
(86, 66) (87, 71)
(201, 275) (206, 275)
(90, 203) (90, 208)
(130, 270) (135, 270)
(85, 56) (86, 61)
(114, 269) (119, 269)
(99, 271) (104, 270)
(91, 213) (91, 218)
(89, 188) (90, 193)
(140, 269) (145, 269)
(186, 274) (191, 274)
(90, 198) (90, 203)
(93, 258) (93, 263)
(181, 273) (186, 274)
(135, 270) (140, 269)
(125, 270) (130, 270)
(93, 263) (94, 268)
(145, 269) (150, 269)
(91, 233) (91, 238)
(94, 268) (99, 271)
(86, 156) (86, 161)
(119, 269) (125, 270)
(91, 248) (92, 253)
(86, 151) (86, 156)
(94, 273) (99, 271)
(91, 218) (91, 223)
(86, 126) (86, 131)
(216, 276) (221, 276)
(86, 61) (86, 66)
(211, 275) (216, 276)
(87, 111) (87, 116)
(87, 172) (87, 177)
(221, 276) (226, 277)
(86, 121) (86, 126)
(87, 86) (87, 91)
(90, 208) (91, 213)
(87, 91) (87, 96)
(104, 270) (109, 269)
(91, 238) (91, 243)
(90, 193) (90, 198)
(88, 182) (89, 188)
(206, 275) (211, 275)
(84, 51) (85, 56)
(86, 121) (87, 116)
(160, 271) (165, 273)
(86, 161) (86, 167)
(236, 278) (241, 278)
(155, 270) (160, 271)
(226, 277) (231, 277)
(150, 269) (155, 270)
(86, 146) (86, 151)
(171, 275) (176, 273)
(87, 177) (88, 182)
(81, 41) (83, 46)
(91, 228) (91, 233)
(87, 71) (87, 76)
(231, 277) (236, 278)
(86, 136) (86, 141)
(241, 278) (246, 279)
(109, 269) (114, 269)
(165, 273) (171, 275)
(83, 46) (84, 51)
